Command line:
   main_isim_beh.exe
     -simmode  gui
     -simrunnum  0
     -socket  52456

Fri Mar 10 00:17:47 2023


 Elaboration Time: 0.09375 sec

 Current Memory Usage: 5807.69 Meg

 Total Signals          : 340
 Total Nets             : 2687
 Total Signal Drivers   : 132
 Total Blocks           : 21
 Total Primitive Blocks : 12
 Total Processes        : 87
 Total Traceable Variables  : 277
 Total Scalar Nets and Variables : 4419
Total Line Count : 651

 Total Simulation Time: 0.09375 sec

 Current Memory Usage: 5807.69 Meg

Fri Mar 10 00:17:58 2023

