Running: D:\Xilinx\14.7\ISE_DS\ISE\bin\nt64\unwrapped\fuse.exe -intstyle ise -incremental -lib secureip -o D:/Documentos/Escola/UFRGS/Nono semestre/INF01058-Digital-Systems/Ahmes processor/ISE Implementation/Ahmes/ahmes_tb_isim_beh.exe -prj D:/Documentos/Escola/UFRGS/Nono semestre/INF01058-Digital-Systems/Ahmes processor/ISE Implementation/Ahmes/ahmes_tb_beh.prj work.ahmes_tb 
ISim P.20131013 (signature 0x7708f090)
Number of CPUs detected in this system: 6
Turning on mult-threading, number of parallel sub-compilation jobs: 12 
Determining compilation order of HDL files
Parsing VHDL file "D:/Documentos/Escola/UFRGS/Nono semestre/INF01058-Digital-Systems/Ahmes processor/ISE Implementation/Ahmes/ipcore_dir/mem_ahmes.vhd" into library work
Parsing VHDL file "D:/Documentos/Escola/UFRGS/Nono semestre/INF01058-Digital-Systems/Ahmes processor/ISE Implementation/Ahmes/datapath.vhd" into library work
Parsing VHDL file "D:/Documentos/Escola/UFRGS/Nono semestre/INF01058-Digital-Systems/Ahmes processor/ISE Implementation/Ahmes/control.vhd" into library work
Parsing VHDL file "D:/Documentos/Escola/UFRGS/Nono semestre/INF01058-Digital-Systems/Ahmes processor/ISE Implementation/Ahmes/main.vhd" into library work
Parsing VHDL file "D:/Documentos/Escola/UFRGS/Nono semestre/INF01058-Digital-Systems/Ahmes processor/ISE Implementation/Ahmes/ahmes_tb.vhd" into library work
Starting static elaboration
Completed static elaboration
Compiling package standard
Compiling package std_logic_1164
Compiling package numeric_std
Compiling package std_logic_arith
Compiling package std_logic_unsigned
Compiling architecture behavioral of entity control [control_default]
Compiling package textio
Compiling package std_logic_textio
Compiling architecture output_stage_behavioral of entity BLK_MEM_GEN_V7_3_output_stage [\BLK_MEM_GEN_V7_3_output_stage("...]
Compiling architecture softecc_output_reg_stage_behavioral of entity BLK_MEM_GEN_V7_3_softecc_output_reg_stage [\BLK_MEM_GEN_V7_3_softecc_output...]
Compiling architecture mem_module_behavioral of entity BLK_MEM_GEN_V7_3_mem_module [\BLK_MEM_GEN_V7_3_mem_module("bl...]
Compiling architecture behavioral of entity BLK_MEM_GEN_V7_3 [\BLK_MEM_GEN_V7_3("blk_mem_gen_v...]
Compiling architecture mem_ahmes_a of entity mem_ahmes [mem_ahmes_default]
Compiling architecture behavioral of entity datapath [datapath_default]
Compiling architecture behavioral of entity main [main_default]
Compiling architecture behavior of entity ahmes_tb
Time Resolution for simulation is 1ps.
Waiting for 4 sub-compilation(s) to finish...
WARNING:Simulator - Unable to copy libPortabilityNOSH.dll to the simulation executable directory: boost::filesystem::copy_file: The system cannot find the path specified, "isim\ahmes_tb_isim_beh.exe.sim\libPortability.dll".
Compiled 24 VHDL Units
Built simulation executable D:/Documentos/Escola/UFRGS/Nono semestre/INF01058-Digital-Systems/Ahmes processor/ISE Implementation/Ahmes/ahmes_tb_isim_beh.exe
Fuse Memory Usage: 41616 KB
Fuse CPU Usage: 421 ms
